<?xml version="1.0" encoding="UTF-8"?>
<!-- Generated by org.testng.reporters.JUnitXMLReporter -->
<testsuite ignored="0" hostname="Bentebbaas-MBP.cable.rcn.com" failures="1" tests="3" name="test" time="30.596" errors="0" timestamp="2024-09-18T12:59:41 EDT">
  <testcase classname="testCases.TC_001_AccountRegistrationTest" name="verify_account_registration" time="2.871"/>
  <testcase classname="testCases.TC_002_LoginTest" name="verify_login" time="10.943">
    <failure type="java.lang.AssertionError" message="null">
      <![CDATA[java.lang.AssertionError: null
at testCases.TC_002_LoginTest.verify_login(TC_002_LoginTest.java:45)
at java.base/java.util.ArrayList.forEach(ArrayList.java:1541)
... Removed 29 stack frames]]>
    </failure>
  </testcase> <!-- verify_login -->
  <testcase classname="testCases.TC_003_LoginDDT" name="verify_loginDDT" time="0.0">
    <skipped/>
  </testcase> <!-- verify_loginDDT -->
</testsuite> <!-- test -->
