<?xml version="1.0" encoding="UTF-8"?>
<!-- Generated by org.testng.reporters.JUnitXMLReporter -->
<testsuite ignored="0" hostname="Bentebbaas-MBP.cable.rcn.com" failures="2" tests="2" name="Test" time="89.621" errors="0" timestamp="2024-05-14T15:07:53 EDT">
  <testcase classname="testCases.TC_001_AccountRegistrationTest" name="verify_account_registration" time="37.147">
    <failure type="java.lang.AssertionError" message="null">
      <![CDATA[java.lang.AssertionError: null
at testCases.TC_001_AccountRegistrationTest.verify_account_registration(TC_001_AccountRegistrationTest.java:42)
at java.base/java.util.ArrayList.forEach(ArrayList.java:1541)
... Removed 29 stack frames]]>
    </failure>
  </testcase> <!-- verify_account_registration -->
  <testcase classname="testCases.TC_002_LoginTest" name="verify_login" time="42.427">
    <failure type="java.lang.AssertionError" message="null">
      <![CDATA[java.lang.AssertionError: null
at testCases.TC_002_LoginTest.verify_login(TC_002_LoginTest.java:39)
at java.base/java.util.ArrayList.forEach(ArrayList.java:1541)
... Removed 29 stack frames]]>
    </failure>
  </testcase> <!-- verify_login -->
</testsuite> <!-- Test -->
